c:\users\administrator\workspace\datacollector\debug\libdc.pdb
c:\users\administrator\workspace\datacollector\debug\libdc.idb
c:\users\administrator\workspace\datacollector\debug\conf.obj
c:\users\administrator\workspace\datacollector\debug\hash.obj
c:\users\administrator\workspace\datacollector\debug\link.obj
c:\users\administrator\workspace\datacollector\debug\list.obj
c:\users\administrator\workspace\datacollector\debug\main.obj
c:\users\administrator\workspace\datacollector\debug\queue.obj
c:\users\administrator\workspace\datacollector\debug\str.obj
c:\users\administrator\workspace\datacollector\debug\test.obj
c:\users\administrator\workspace\datacollector\debug\thread.obj
c:\users\administrator\workspace\datacollector\debug\keyval.obj
c:\users\administrator\workspace\datacollector\debug\object.obj
c:\users\administrator\workspace\datacollector\debug\libdc.lib
c:\users\administrator\workspace\datacollector\debug\libdc.tlog\cl.command.1.tlog
c:\users\administrator\workspace\datacollector\debug\libdc.tlog\cl.read.1.tlog
c:\users\administrator\workspace\datacollector\debug\libdc.tlog\cl.write.1.tlog
c:\users\administrator\workspace\datacollector\debug\libdc.tlog\lib-link.read.1.tlog
c:\users\administrator\workspace\datacollector\debug\libdc.tlog\lib-link.write.1.tlog
c:\users\administrator\workspace\datacollector\debug\libdc.tlog\lib.command.1.tlog
